
-------
04/50/2020 21:50:36
-------


-------
04/00/2020 22:00:44
-------

Error executing 'CREATE TABLE Country (
  CountryID int NOT NULL,
  Name varchar(255) NOT NULL,
  PRIMARY KEY (CountryID)
) ' (line 5): ERROR: relation "country" already exists
Error executing 'CREATE TABLE Region (
  RegionID int NOT NULL ,
  CountryID int NOT NULL,
  Name varchar(255) NOT NULL,
  PRIMARY KEY (RegionID)
) ' (line 12): ERROR: current transaction is aborted, commands ignored until end of transaction block
Error executing 'CREATE TABLE City (
  CityID int NOT NULL ,
  RegionID int NOT NULL,
  Name varchar(255) NOT NULL,
  PRIMARY KEY (CityID)
) ' (line 19): ERROR: current transaction is aborted, commands ignored until end of transaction block
Error executing 'CREATE TABLE Shop (
  ShopID int NOT NULL ,
  CityID int NOT NULL,
  Name varchar(255) NOT NULL,
  PRIMARY KEY (ShopID)
) ' (line 26): ERROR: current transaction is aborted, commands ignored until end of transaction block
Error executing 'CREATE TABLE Article (
  ArticleID int NOT NULL ,
  ProductGroupID int NOT NULL,
  Name varchar(255) NOT NULL,
  Price double precision NOT NULL,
  PRIMARY KEY (ArticleID)
) ' (line 34): ERROR: current transaction is aborted, commands ignored until end of transaction block
Error executing 'CREATE TABLE ProductGroup (
  ProductGroupID int NOT NULL ,
  ProductFamilyID int NOT NULL,
  Name varchar(255) NOT NULL,
  PRIMARY KEY (ProductGroupID)
) ' (line 41): ERROR: current transaction is aborted, commands ignored until end of transaction block
Error executing 'CREATE TABLE ProductFamily (
  ProductFamilyID int NOT NULL ,
  ProductCategoryID int NOT NULL,
  Name varchar(255) NOT NULL,
  PRIMARY KEY (ProductFamilyID)
) ' (line 48): ERROR: current transaction is aborted, commands ignored until end of transaction block
Error executing 'CREATE TABLE ProductCategory (
  ProductCategoryID int NOT NULL ,
  Name varchar(255) NOT NULL,
  PRIMARY KEY (ProductCategoryID)
) ' (line 54): ERROR: current transaction is aborted, commands ignored until end of transaction block
Error executing 'ALTER TABLE Shop ADD CONSTRAINT ShopID_fk_1 FOREIGN KEY (CityID) REFERENCES City (CityID) ' (line 56): ERROR: current transaction is aborted, commands ignored until end of transaction block
Error executing 'ALTER TABLE City ADD CONSTRAINT CityID_fk_1 FOREIGN KEY (RegionID) REFERENCES Region (RegionID) ' (line 57): ERROR: current transaction is aborted, commands ignored until end of transaction block
Error executing 'ALTER TABLE Region ADD CONSTRAINT RegionID_fk_1 FOREIGN KEY (CountryID) REFERENCES Country (CountryID) ' (line 58): ERROR: current transaction is aborted, commands ignored until end of transaction block
Error executing 'ALTER TABLE Article ADD CONSTRAINT ArticleID_fk_1 FOREIGN KEY (ProductGroupID) REFERENCES ProductGroup (ProductGroupID) ' (line 60): ERROR: current transaction is aborted, commands ignored until end of transaction block
Error executing 'ALTER TABLE ProductGroup ADD CONSTRAINT ProductGroupID_fk_1 FOREIGN KEY (ProductFamilyID) REFERENCES ProductFamily (ProductFamilyID) ' (line 61): ERROR: current transaction is aborted, commands ignored until end of transaction block
Error executing 'ALTER TABLE ProductFamily ADD CONSTRAINT ProductFamilyID_fk_1 FOREIGN KEY (ProductCategoryID) REFERENCES ProductCategory (ProductCategoryID) ' (line 62): ERROR: current transaction is aborted, commands ignored until end of transaction block
Error executing 'INSERT INTO Country (CountryID, Name) VALUES (1, 'Deutschland') ' (line 66): ERROR: current transaction is aborted, commands ignored until end of transaction block
Error executing 'INSERT INTO Region (RegionID, CountryID, Name) VALUES (1, 1, 'Baden-Württemberg') ' (line 68): ERROR: current transaction is aborted, commands ignored until end of transaction block
Error executing 'INSERT INTO Region (RegionID, CountryID, Name) VALUES (2, 1, 'Bayern') ' (line 69): ERROR: current transaction is aborted, commands ignored until end of transaction block
Error executing 'INSERT INTO Region (RegionID, CountryID, Name) VALUES (3, 1, 'Berlin') ' (line 70): ERROR: current transaction is aborted, commands ignored until end of transaction block
Error executing 'INSERT INTO Region (RegionID, CountryID, Name) VALUES (4, 1, 'Brandenburg') ' (line 71): ERROR: current transaction is aborted, commands ignored until end of transaction block
Error executing 'INSERT INTO Region (RegionID, CountryID, Name) VALUES (5, 1, 'Bremen') ' (line 72): ERROR: current transaction is aborted, commands ignored until end of transaction block
Error executing 'INSERT INTO Region (RegionID, CountryID, Name) VALUES (6, 1, 'Hamburg') ' (line 73): ERROR: current transaction is aborted, commands ignored until end of transaction block
Error executing 'INSERT INTO Region (RegionID, CountryID, Name) VALUES (7, 1, 'Hessen') ' (line 74): ERROR: current transaction is aborted, commands ignored until end of transaction block
Error executing 'INSERT INTO Region (RegionID, CountryID, Name) VALUES (8, 1, 'Mecklenburg-Vorpommern') ' (line 75): ERROR: current transaction is aborted, commands ignored until end of transaction block
Error executing 'INSERT INTO Region (RegionID, CountryID, Name) VALUES (9, 1, 'Niedersachsen') ' (line 76): ERROR: current transaction is aborted, commands ignored until end of transaction block
Error executing 'INSERT INTO Region (RegionID, CountryID, Name) VALUES (10, 1, 'Nordrhein-Westfalen') ' (line 77): ERROR: current transaction is aborted, commands ignored until end of transaction block
Error executing 'INSERT INTO Region (RegionID, CountryID, Name) VALUES (11, 1, 'Rheinland-Pfalz') ' (line 78): ERROR: current transaction is aborted, commands ignored until end of transaction block
Error executing 'INSERT INTO Region (RegionID, CountryID, Name) VALUES (12, 1, 'Saarland') ' (line 79): ERROR: current transaction is aborted, commands ignored until end of transaction block
Error executing 'INSERT INTO Region (RegionID, CountryID, Name) VALUES (13, 1, 'Sachsen') ' (line 80): ERROR: current transaction is aborted, commands ignored until end of transaction block
Error executing 'INSERT INTO Region (RegionID, CountryID, Name) VALUES (14, 1, 'Sachsen-Anhalt') ' (line 81): ERROR: current transaction is aborted, commands ignored until end of transaction block
Error executing 'INSERT INTO Region (RegionID, CountryID, Name) VALUES (15, 1, 'Schleswig-Holstein') ' (line 82): ERROR: current transaction is aborted, commands ignored until end of transaction block
Error executing 'INSERT INTO Region (RegionID, CountryID, Name) VALUES (16, 1, 'Thüringen') ' (line 83): ERROR: current transaction is aborted, commands ignored until end of transaction block
Error executing 'INSERT INTO City (CityID, RegionID, Name) VALUES (1, 1, 'Stuttgart') ' (line 85): ERROR: current transaction is aborted, commands ignored until end of transaction block
Error executing 'INSERT INTO City (CityID, RegionID, Name) VALUES (2, 2, 'München') ' (line 86): ERROR: current transaction is aborted, commands ignored until end of transaction block
Error executing 'INSERT INTO City (CityID, RegionID, Name) VALUES (3, 3, 'Berlin') ' (line 87): ERROR: current transaction is aborted, commands ignored until end of transaction block
Error executing 'INSERT INTO City (CityID, RegionID, Name) VALUES (4, 4, 'Potsdam') ' (line 88): ERROR: current transaction is aborted, commands ignored until end of transaction block
Error executing 'INSERT INTO City (CityID, RegionID, Name) VALUES (5, 5, 'Bremen') ' (line 89): ERROR: current transaction is aborted, commands ignored until end of transaction block
Error executing 'INSERT INTO City (CityID, RegionID, Name) VALUES (6, 6, 'Hamburg') ' (line 90): ERROR: current transaction is aborted, commands ignored until end of transaction block
Error executing 'INSERT INTO City (CityID, RegionID, Name) VALUES (7, 7, 'Wiesbaden') ' (line 91): ERROR: current transaction is aborted, commands ignored until end of transaction block
Error executing 'INSERT INTO City (CityID, RegionID, Name) VALUES (8, 8, 'Schwerin') ' (line 92): ERROR: current transaction is aborted, commands ignored until end of transaction block
Error executing 'INSERT INTO City (CityID, RegionID, Name) VALUES (9, 9, 'Hannover') ' (line 93): ERROR: current transaction is aborted, commands ignored until end of transaction block
Error executing 'INSERT INTO City (CityID, RegionID, Name) VALUES (10, 10, 'Düsseldorf') ' (line 94): ERROR: current transaction is aborted, commands ignored until end of transaction block
Error executing 'INSERT INTO City (CityID, RegionID, Name) VALUES (11, 11, 'Mainz') ' (line 95): ERROR: current transaction is aborted, commands ignored until end of transaction block
Error executing 'INSERT INTO City (CityID, RegionID, Name) VALUES (12, 12, 'Saarbrücken') ' (line 96): ERROR: current transaction is aborted, commands ignored until end of transaction block
Error executing 'INSERT INTO City (CityID, RegionID, Name) VALUES (13, 13, 'Dresden') ' (line 97): ERROR: current transaction is aborted, commands ignored until end of transaction block
Error executing 'INSERT INTO City (CityID, RegionID, Name) VALUES (14, 14, 'Magdeburg') ' (line 98): ERROR: current transaction is aborted, commands ignored until end of transaction block
Error executing 'INSERT INTO City (CityID, RegionID, Name) VALUES (15, 15, 'Kiel') ' (line 99): ERROR: current transaction is aborted, commands ignored until end of transaction block
Error executing 'INSERT INTO City (CityID, RegionID, Name) VALUES (16, 16, 'Erfurt') ' (line 100): ERROR: current transaction is aborted, commands ignored until end of transaction block
Error executing 'INSERT INTO Shop (ShopID, CityID, Name) VALUES (1, 1, 'Superstore Stuttgart') ' (line 102): ERROR: current transaction is aborted, commands ignored until end of transaction block
Error executing 'INSERT INTO Shop (ShopID, CityID, Name) VALUES (2, 2, 'Superstore München') ' (line 103): ERROR: current transaction is aborted, commands ignored until end of transaction block
Error executing 'INSERT INTO Shop (ShopID, CityID, Name) VALUES (3, 3, 'Superstore Berlin') ' (line 104): ERROR: current transaction is aborted, commands ignored until end of transaction block
Error executing 'INSERT INTO Shop (ShopID, CityID, Name) VALUES (4, 4, 'Superstore Potsdam') ' (line 105): ERROR: current transaction is aborted, commands ignored until end of transaction block
Error executing 'INSERT INTO Shop (ShopID, CityID, Name) VALUES (5, 5, 'Superstore Bremen') ' (line 106): ERROR: current transaction is aborted, commands ignored until end of transaction block
Error executing 'INSERT INTO Shop (ShopID, CityID, Name) VALUES (6, 6, 'Superstore Hamburg') ' (line 107): ERROR: current transaction is aborted, commands ignored until end of transaction block
Error executing 'INSERT INTO Shop (ShopID, CityID, Name) VALUES (7, 7, 'Superstore Wiesbaden') ' (line 108): ERROR: current transaction is aborted, commands ignored until end of transaction block
Error executing 'INSERT INTO Shop (ShopID, CityID, Name) VALUES (8, 8, 'Superstore Schwerin') ' (line 109): ERROR: current transaction is aborted, commands ignored until end of transaction block
Error executing 'INSERT INTO Shop (ShopID, CityID, Name) VALUES (9, 9, 'Superstore Hannover') ' (line 110): ERROR: current transaction is aborted, commands ignored until end of transaction block
Error executing 'INSERT INTO Shop (ShopID, CityID, Name) VALUES (10, 10, 'Superstore Düsseldorf') ' (line 111): ERROR: current transaction is aborted, commands ignored until end of transaction block
Error executing 'INSERT INTO Shop (ShopID, CityID, Name) VALUES (11, 11, 'Superstore Mainz') ' (line 112): ERROR: current transaction is aborted, commands ignored until end of transaction block
Error executing 'INSERT INTO Shop (ShopID, CityID, Name) VALUES (12, 12, 'Superstore Saarbrücken') ' (line 113): ERROR: current transaction is aborted, commands ignored until end of transaction block
Error executing 'INSERT INTO Shop (ShopID, CityID, Name) VALUES (13, 13, 'Superstore Dresden') ' (line 114): ERROR: current transaction is aborted, commands ignored until end of transaction block
Error executing 'INSERT INTO Shop (ShopID, CityID, Name) VALUES (14, 14, 'Superstore Magdeburg') ' (line 115): ERROR: current transaction is aborted, commands ignored until end of transaction block
Error executing 'INSERT INTO Shop (ShopID, CityID, Name) VALUES (15, 15, 'Superstore Kiel') ' (line 116): ERROR: current transaction is aborted, commands ignored until end of transaction block
Error executing 'INSERT INTO Shop (ShopID, CityID, Name) VALUES (16, 16, 'Superstore Erfurt') ' (line 117): ERROR: current transaction is aborted, commands ignored until end of transaction block
Error executing 'INSERT INTO ProductCategory (ProductCategoryID, Name) VALUES (1, 'Heimelektronik') ' (line 119): ERROR: current transaction is aborted, commands ignored until end of transaction block
Error executing 'INSERT INTO ProductCategory (ProductCategoryID, Name) VALUES (2, 'Großgeräte') ' (line 120): ERROR: current transaction is aborted, commands ignored until end of transaction block
Error executing 'INSERT INTO ProductFamily (ProductFamilyID, ProductCategoryID, Name) VALUES (1, 1, 'Video') ' (line 122): ERROR: current transaction is aborted, commands ignored until end of transaction block
Error executing 'INSERT INTO ProductFamily (ProductFamilyID, ProductCategoryID, Name) VALUES (2, 1, 'Audio') ' (line 123): ERROR: current transaction is aborted, commands ignored until end of transaction block
Error executing 'INSERT INTO ProductFamily (ProductFamilyID, ProductCategoryID, Name) VALUES (3, 2, 'Haushaltsgeräte') ' (line 124): ERROR: current transaction is aborted, commands ignored until end of transaction block
Error executing 'INSERT INTO ProductFamily (ProductFamilyID, ProductCategoryID, Name) VALUES (4, 2, 'Gartengeräte') ' (line 125): ERROR: current transaction is aborted, commands ignored until end of transaction block
Error executing 'INSERT INTO ProductGroup (ProductGroupID, ProductFamilyID, Name) VALUES (1, 1, 'HD-Rekorder') ' (line 127): ERROR: current transaction is aborted, commands ignored until end of transaction block
Error executing 'INSERT INTO ProductGroup (ProductGroupID, ProductFamilyID, Name) VALUES (2, 1, 'Camcorder') ' (line 128): ERROR: current transaction is aborted, commands ignored until end of transaction block
Error executing 'INSERT INTO ProductGroup (ProductGroupID, ProductFamilyID, Name) VALUES (3, 2, 'CD-Player') ' (line 129): ERROR: current transaction is aborted, commands ignored until end of transaction block
Error executing 'INSERT INTO ProductGroup (ProductGroupID, ProductFamilyID, Name) VALUES (4, 2, 'Plattenspieler') ' (line 130): ERROR: current transaction is aborted, commands ignored until end of transaction block
Error executing 'INSERT INTO ProductGroup (ProductGroupID, ProductFamilyID, Name) VALUES (5, 3, 'Waschmaschienen') ' (line 131): ERROR: current transaction is aborted, commands ignored until end of transaction block
Error executing 'INSERT INTO ProductGroup (ProductGroupID, ProductFamilyID, Name) VALUES (6, 3, 'Trockner') ' (line 132): ERROR: current transaction is aborted, commands ignored until end of transaction block
Error executing 'INSERT INTO ProductGroup (ProductGroupID, ProductFamilyID, Name) VALUES (7, 4, 'Rasenmäher') ' (line 133): ERROR: current transaction is aborted, commands ignored until end of transaction block
Error executing 'INSERT INTO ProductGroup (ProductGroupID, ProductFamilyID, Name) VALUES (8, 4, 'Vertikutierer') ' (line 134): ERROR: current transaction is aborted, commands ignored until end of transaction block
Error executing 'INSERT INTO ARTICLE (ARTICLEID,PRODUCTGROUPID,NAME,PRICE) VALUES (1,1,'Pioneer DVR-550HX',469.989990234375) ' (line 136): ERROR: current transaction is aborted, commands ignored until end of transaction block
Error executing 'INSERT INTO ARTICLE (ARTICLEID,PRODUCTGROUPID,NAME,PRICE) VALUES (2,1,'LG RH-T 298',409.989990234375) ' (line 137): ERROR: current transaction is aborted, commands ignored until end of transaction block
Error executing 'INSERT INTO ARTICLE (ARTICLEID,PRODUCTGROUPID,NAME,PRICE) VALUES (3,1,'Samsung DVD-SR275',79.98999786376953) ' (line 138): ERROR: current transaction is aborted, commands ignored until end of transaction block
Error executing 'INSERT INTO ARTICLE (ARTICLEID,PRODUCTGROUPID,NAME,PRICE) VALUES (4,1,'BenQ DE350P',269.989990234375) ' (line 139): ERROR: current transaction is aborted, commands ignored until end of transaction block
Error executing 'INSERT INTO ARTICLE (ARTICLEID,PRODUCTGROUPID,NAME,PRICE) VALUES (5,2,'Panasonic HDC-SD707',779.989990234375) ' (line 140): ERROR: current transaction is aborted, commands ignored until end of transaction block
Error executing 'INSERT INTO ARTICLE (ARTICLEID,PRODUCTGROUPID,NAME,PRICE) VALUES (6,2,'Sony HDR-CX115',398.989990234375) ' (line 141): ERROR: current transaction is aborted, commands ignored until end of transaction block
Error executing 'INSERT INTO ARTICLE (ARTICLEID,PRODUCTGROUPID,NAME,PRICE) VALUES (7,2,'Kodak Zx3 Playsport',129.99000549316406) ' (line 142): ERROR: current transaction is aborted, commands ignored until end of transaction block
Error executing 'INSERT INTO ARTICLE (ARTICLEID,PRODUCTGROUPID,NAME,PRICE) VALUES (8,2,'Toshiba Camileo S20',99.98999786376953) ' (line 143): ERROR: current transaction is aborted, commands ignored until end of transaction block
Error executing 'INSERT INTO ARTICLE (ARTICLEID,PRODUCTGROUPID,NAME,PRICE) VALUES (9,3,'Onkyo DX-7355',139.99000549316406) ' (line 144): ERROR: current transaction is aborted, commands ignored until end of transaction block
Error executing 'INSERT INTO ARTICLE (ARTICLEID,PRODUCTGROUPID,NAME,PRICE) VALUES (10,3,'Yamaha CDX-497',239.99000549316406) ' (line 145): ERROR: current transaction is aborted, commands ignored until end of transaction block
Error executing 'INSERT INTO ARTICLE (ARTICLEID,PRODUCTGROUPID,NAME,PRICE) VALUES (11,3,'Sony CDP-XE370',140.89999389648438) ' (line 146): ERROR: current transaction is aborted, commands ignored until end of transaction block
Error executing 'INSERT INTO ARTICLE (ARTICLEID,PRODUCTGROUPID,NAME,PRICE) VALUES (12,3,'Denon DCD-710AE',369.0) ' (line 147): ERROR: current transaction is aborted, commands ignored until end of transaction block
Error executing 'INSERT INTO ARTICLE (ARTICLEID,PRODUCTGROUPID,NAME,PRICE) VALUES (13,4,'Sony PS-LX 300 USB',138.0) ' (line 148): ERROR: current transaction is aborted, commands ignored until end of transaction block
Error executing 'INSERT INTO ARTICLE (ARTICLEID,PRODUCTGROUPID,NAME,PRICE) VALUES (14,4,'Technics SL-1210 MK5',599.0) ' (line 149): ERROR: current transaction is aborted, commands ignored until end of transaction block
Error executing 'INSERT INTO ARTICLE (ARTICLEID,PRODUCTGROUPID,NAME,PRICE) VALUES (15,4,'Jaytec DJT-20',89.9000015258789) ' (line 150): ERROR: current transaction is aborted, commands ignored until end of transaction block
Error executing 'INSERT INTO ARTICLE (ARTICLEID,PRODUCTGROUPID,NAME,PRICE) VALUES (16,4,'Numark TT1650',148.99000549316406) ' (line 151): ERROR: current transaction is aborted, commands ignored until end of transaction block
Error executing 'INSERT INTO ARTICLE (ARTICLEID,PRODUCTGROUPID,NAME,PRICE) VALUES (17,5,'AEG Öko-Lavamat Öko Plus 1400',599.0) ' (line 152): ERROR: current transaction is aborted, commands ignored until end of transaction block
Error executing 'INSERT INTO ARTICLE (ARTICLEID,PRODUCTGROUPID,NAME,PRICE) VALUES (18,5,'Bosch WAE 2834P',499.0) ' (line 153): ERROR: current transaction is aborted, commands ignored until end of transaction block
Error executing 'INSERT INTO ARTICLE (ARTICLEID,PRODUCTGROUPID,NAME,PRICE) VALUES (19,5,'Miele Softtronic W 3241 WPS',798.0) ' (line 154): ERROR: current transaction is aborted, commands ignored until end of transaction block
Error executing 'INSERT INTO ARTICLE (ARTICLEID,PRODUCTGROUPID,NAME,PRICE) VALUES (20,5,'Bauknecht WA Sensitive 36 DI',349.8999938964844) ' (line 155): ERROR: current transaction is aborted, commands ignored until end of transaction block
Error executing 'INSERT INTO ARTICLE (ARTICLEID,PRODUCTGROUPID,NAME,PRICE) VALUES (21,6,'AEG Öko Lavatherm 59850 Sensidry',999.0) ' (line 156): ERROR: current transaction is aborted, commands ignored until end of transaction block
Error executing 'INSERT INTO ARTICLE (ARTICLEID,PRODUCTGROUPID,NAME,PRICE) VALUES (22,6,'Bauknecht TK Care 6B',279.9800109863281) ' (line 157): ERROR: current transaction is aborted, commands ignored until end of transaction block
Error executing 'INSERT INTO ARTICLE (ARTICLEID,PRODUCTGROUPID,NAME,PRICE) VALUES (23,6,'Miele Softtronic T 7744 C',749.0) ' (line 158): ERROR: current transaction is aborted, commands ignored until end of transaction block
Error executing 'INSERT INTO ARTICLE (ARTICLEID,PRODUCTGROUPID,NAME,PRICE) VALUES (24,6,'Bosch WTE 84301',449.0) ' (line 159): ERROR: current transaction is aborted, commands ignored until end of transaction block
Error executing 'INSERT INTO ARTICLE (ARTICLEID,PRODUCTGROUPID,NAME,PRICE) VALUES (25,7,'Wolf-Garten 2.34 E',149.0) ' (line 160): ERROR: current transaction is aborted, commands ignored until end of transaction block
Error executing 'INSERT INTO ARTICLE (ARTICLEID,PRODUCTGROUPID,NAME,PRICE) VALUES (26,7,'Bosch Rotak 43 LI (Modell 2009)',399.0) ' (line 161): ERROR: current transaction is aborted, commands ignored until end of transaction block
Error executing 'INSERT INTO ARTICLE (ARTICLEID,PRODUCTGROUPID,NAME,PRICE) VALUES (27,7,'Einhell RPM 56 S-MS',299.989990234375) ' (line 162): ERROR: current transaction is aborted, commands ignored until end of transaction block
Error executing 'INSERT INTO ARTICLE (ARTICLEID,PRODUCTGROUPID,NAME,PRICE) VALUES (28,7,'Gardena PowerMax 42 E',199.99000549316406) ' (line 163): ERROR: current transaction is aborted, commands ignored until end of transaction block
Error executing 'INSERT INTO ARTICLE (ARTICLEID,PRODUCTGROUPID,NAME,PRICE) VALUES (29,8,'Wolf-Garten Campus 1000 V',89.9000015258789) ' (line 164): ERROR: current transaction is aborted, commands ignored until end of transaction block
Error executing 'INSERT INTO ARTICLE (ARTICLEID,PRODUCTGROUPID,NAME,PRICE) VALUES (30,8,'Güde GV 2400 SL',249.0) ' (line 165): ERROR: current transaction is aborted, commands ignored until end of transaction block
Error executing 'INSERT INTO ARTICLE (ARTICLEID,PRODUCTGROUPID,NAME,PRICE) VALUES (31,8,'Brill 28 VE/RL',139.0) ' (line 166): ERROR: current transaction is aborted, commands ignored until end of transaction block
Error executing 'INSERT INTO ARTICLE (ARTICLEID,PRODUCTGROUPID,NAME,PRICE) VALUES (32,8,'Gardena CS Vertikutier-Boy (3395-20)',49.900001525878906) ' (line 167): ERROR: current transaction is aborted, commands ignored until end of transaction block
